# JRE version: Java(TM) SE Runtime Environment (8.0_261-b12) (build 1.8.0_261-b12)
# Java VM: Java HotSpot(TM) 64-Bit Server VM (25.261-b12 mixed mode windows-amd64 compressed oops)
Heap:
 PSYoungGen      total 138240K, used 68460K [0x00000000f5580000, 0x0000000100000000, 0x0000000100000000)
  eden space 105472K, 38% used [0x00000000f5580000,0x00000000f7d5cc38,0x00000000fbc80000)
  from space 32768K, 84% used [0x00000000fbc80000,0x00000000fd77e430,0x00000000fdc80000)
  to   space 35840K, 0% used [0x00000000fdd00000,0x00000000fdd00000,0x0000000100000000)
 ParOldGen       total 273408K, used 55956K [0x00000000e0000000, 0x00000000f0b00000, 0x00000000f5580000)
  object space 273408K, 20% used [0x00000000e0000000,0x00000000e36a53b0,0x00000000f0b00000)
 Metaspace       used 96375K, capacity 102502K, committed 102656K, reserved 1138688K
  class space    used 12878K, capacity 14271K, committed 14336K, reserved 1048576K
GC Heap History (10 events):
Event: 9589.491 GC heap before
{Heap before GC invocations=23 (full 3):
 PSYoungGen      total 117248K, used 117227K [0x00000000f5580000, 0x00000000ff900000, 0x0000000100000000)
  eden space 100864K, 99% used [0x00000000f5580000,0x00000000fb7ffaa0,0x00000000fb800000)
  from space 16384K, 99% used [0x00000000fb980000,0x00000000fc97b1b0,0x00000000fc980000)
  to   space 33280K, 0% used [0x00000000fd880000,0x00000000fd880000,0x00000000ff900000)
 ParOldGen       total 217600K, used 109369K [0x00000000e0000000, 0x00000000ed480000, 0x00000000f5580000)
  object space 217600K, 50% used [0x00000000e0000000,0x00000000e6ace598,0x00000000ed480000)
 Metaspace       used 90640K, capacity 96852K, committed 97152K, reserved 1132544K
  class space    used 12264K, capacity 13652K, committed 13696K, reserved 1048576K
Event: 9589.523 GC heap after
Heap after GC invocations=23 (full 3):
 PSYoungGen      total 132608K, used 22646K [0x00000000f5580000, 0x00000000ffa80000, 0x0000000100000000)
  eden space 99328K, 0% used [0x00000000f5580000,0x00000000f5580000,0x00000000fb680000)
  from space 33280K, 68% used [0x00000000fd880000,0x00000000fee9d840,0x00000000ff900000)
  to   space 34816K, 0% used [0x00000000fb680000,0x00000000fb680000,0x00000000fd880000)
 ParOldGen       total 217600K, used 109377K [0x00000000e0000000, 0x00000000ed480000, 0x00000000f5580000)
  object space 217600K, 50% used [0x00000000e0000000,0x00000000e6ad0598,0x00000000ed480000)
 Metaspace       used 90640K, capacity 96852K, committed 97152K, reserved 1132544K
  class space    used 12264K, capacity 13652K, committed 13696K, reserved 1048576K
}
Event: 9589.612 GC heap before
{Heap before GC invocations=24 (full 3):
 PSYoungGen      total 132608K, used 29768K [0x00000000f5580000, 0x00000000ffa80000, 0x0000000100000000)
  eden space 99328K, 7% used [0x00000000f5580000,0x00000000f5c74b10,0x00000000fb680000)
  from space 33280K, 68% used [0x00000000fd880000,0x00000000fee9d840,0x00000000ff900000)
  to   space 34816K, 0% used [0x00000000fb680000,0x00000000fb680000,0x00000000fd880000)
 ParOldGen       total 217600K, used 109377K [0x00000000e0000000, 0x00000000ed480000, 0x00000000f5580000)
  object space 217600K, 50% used [0x00000000e0000000,0x00000000e6ad0598,0x00000000ed480000)
 Metaspace       used 92248K, capacity 98420K, committed 98560K, reserved 1134592K
  class space    used 12370K, capacity 13748K, committed 13824K, reserved 1048576K
Event: 9589.627 GC heap after
Heap after GC invocations=24 (full 3):
 PSYoungGen      total 134144K, used 18504K [0x00000000f5580000, 0x0000000100000000, 0x0000000100000000)
  eden space 99328K, 0% used [0x00000000f5580000,0x00000000f5580000,0x00000000fb680000)
  from space 34816K, 53% used [0x00000000fb680000,0x00000000fc892208,0x00000000fd880000)
  to   space 34304K, 0% used [0x00000000fde80000,0x00000000fde80000,0x0000000100000000)
 ParOldGen       total 217600K, used 109377K [0x00000000e0000000, 0x00000000ed480000, 0x00000000f5580000)
  object space 217600K, 50% used [0x00000000e0000000,0x00000000e6ad0598,0x00000000ed480000)
 Metaspace       used 92248K, capacity 98420K, committed 98560K, reserved 1134592K
  class space    used 12370K, capacity 13748K, committed 13824K, reserved 1048576K
}
Event: 9589.627 GC heap before
{Heap before GC invocations=25 (full 4):
 PSYoungGen      total 134144K, used 18504K [0x00000000f5580000, 0x0000000100000000, 0x0000000100000000)
  eden space 99328K, 0% used [0x00000000f5580000,0x00000000f5580000,0x00000000fb680000)
  from space 34816K, 53% used [0x00000000fb680000,0x00000000fc892208,0x00000000fd880000)
  to   space 34304K, 0% used [0x00000000fde80000,0x00000000fde80000,0x0000000100000000)
 ParOldGen       total 217600K, used 109377K [0x00000000e0000000, 0x00000000ed480000, 0x00000000f5580000)
  object space 217600K, 50% used [0x00000000e0000000,0x00000000e6ad0598,0x00000000ed480000)
 Metaspace       used 92248K, capacity 98420K, committed 98560K, reserved 1134592K
  class space    used 12370K, capacity 13748K, committed 13824K, reserved 1048576K
Event: 9589.972 GC heap after
Heap after GC invocations=25 (full 4):
 PSYoungGen      total 134144K, used 0K [0x00000000f5580000, 0x0000000100000000, 0x0000000100000000)
  eden space 99328K, 0% used [0x00000000f5580000,0x00000000f5580000,0x00000000fb680000)
  from space 34816K, 0% used [0x00000000fb680000,0x00000000fb680000,0x00000000fd880000)
  to   space 34304K, 0% used [0x00000000fde80000,0x00000000fde80000,0x0000000100000000)
 ParOldGen       total 273408K, used 55940K [0x00000000e0000000, 0x00000000f0b00000, 0x00000000f5580000)
  object space 273408K, 20% used [0x00000000e0000000,0x00000000e36a13b0,0x00000000f0b00000)
 Metaspace       used 89375K, capacity 93578K, committed 98560K, reserved 1134592K
  class space    used 11802K, capacity 12667K, committed 13824K, reserved 1048576K
}
Event: 9801.635 GC heap before
{Heap before GC invocations=26 (full 4):
 PSYoungGen      total 134144K, used 99328K [0x00000000f5580000, 0x0000000100000000, 0x0000000100000000)
  eden space 99328K, 100% used [0x00000000f5580000,0x00000000fb680000,0x00000000fb680000)
  from space 34816K, 0% used [0x00000000fb680000,0x00000000fb680000,0x00000000fd880000)
  to   space 34304K, 0% used [0x00000000fde80000,0x00000000fde80000,0x0000000100000000)
 ParOldGen       total 273408K, used 55940K [0x00000000e0000000, 0x00000000f0b00000, 0x00000000f5580000)
  object space 273408K, 20% used [0x00000000e0000000,0x00000000e36a13b0,0x00000000f0b00000)
 Metaspace       used 91764K, capacity 97280K, committed 98560K, reserved 1134592K
  class space    used 12203K, capacity 13373K, committed 13824K, reserved 1048576K
Event: 9801.663 GC heap after
Heap after GC invocations=26 (full 4):
 PSYoungGen      total 136192K, used 17180K [0x00000000f5580000, 0x00000000ffc80000, 0x0000000100000000)
  eden space 105472K, 0% used [0x00000000f5580000,0x00000000f5580000,0x00000000fbc80000)
  from space 30720K, 55% used [0x00000000fde80000,0x00000000fef47098,0x00000000ffc80000)
  to   space 32768K, 0% used [0x00000000fbc80000,0x00000000fbc80000,0x00000000fdc80000)
 ParOldGen       total 273408K, used 55948K [0x00000000e0000000, 0x00000000f0b00000, 0x00000000f5580000)
  object space 273408K, 20% used [0x00000000e0000000,0x00000000e36a33b0,0x00000000f0b00000)
 Metaspace       used 91764K, capacity 97280K, committed 98560K, reserved 1134592K
  class space    used 12203K, capacity 13373K, committed 13824K, reserved 1048576K
}
Event: 9803.245 GC heap before
{Heap before GC invocations=27 (full 4):
 PSYoungGen      total 136192K, used 122652K [0x00000000f5580000, 0x00000000ffc80000, 0x0000000100000000)
  eden space 105472K, 100% used [0x00000000f5580000,0x00000000fbc80000,0x00000000fbc80000)
  from space 30720K, 55% used [0x00000000fde80000,0x00000000fef47098,0x00000000ffc80000)
  to   space 32768K, 0% used [0x00000000fbc80000,0x00000000fbc80000,0x00000000fdc80000)
 ParOldGen       total 273408K, used 55948K [0x00000000e0000000, 0x00000000f0b00000, 0x00000000f5580000)
  object space 273408K, 20% used [0x00000000e0000000,0x00000000e36a33b0,0x00000000f0b00000)
 Metaspace       used 95094K, capacity 101216K, committed 101504K, reserved 1136640K
  class space    used 12710K, capacity 14079K, committed 14208K, reserved 1048576K
Event: 9803.348 GC heap after
Heap after GC invocations=27 (full 4):
 PSYoungGen      total 138240K, used 27641K [0x00000000f5580000, 0x0000000100000000, 0x0000000100000000)
  eden space 105472K, 0% used [0x00000000f5580000,0x00000000f5580000,0x00000000fbc80000)
  from space 32768K, 84% used [0x00000000fbc80000,0x00000000fd77e430,0x00000000fdc80000)
  to   space 35840K, 0% used [0x00000000fdd00000,0x00000000fdd00000,0x0000000100000000)
 ParOldGen       total 273408K, used 55956K [0x00000000e0000000, 0x00000000f0b00000, 0x00000000f5580000)
  object space 273408K, 20% used [0x00000000e0000000,0x00000000e36a53b0,0x00000000f0b00000)
 Metaspace       used 95094K, capacity 101216K, committed 101504K, reserved 1136640K
  class space    used 12710K, capacity 14079K, committed 14208K, reserved 1048576K
}

