# JRE version: Java(TM) SE Runtime Environment (8.0_261-b12) (build 1.8.0_261-b12)
# Java VM: Java HotSpot(TM) 64-Bit Server VM (25.261-b12 mixed mode windows-amd64 compressed oops)
Heap:
 PSYoungGen      total 145920K, used 110515K [0x00000000f5580000, 0x0000000100000000, 0x0000000100000000)
  eden space 131584K, 83% used [0x00000000f5580000,0x00000000fc16cc80,0x00000000fd600000)
  from space 14336K, 0% used [0x00000000ff200000,0x00000000ff200000,0x0000000100000000)
  to   space 21504K, 0% used [0x00000000fd600000,0x00000000fd600000,0x00000000feb00000)
 ParOldGen       total 207360K, used 36674K [0x00000000e0000000, 0x00000000eca80000, 0x00000000f5580000)
  object space 207360K, 17% used [0x00000000e0000000,0x00000000e23d0938,0x00000000eca80000)
 Metaspace       used 60970K, capacity 64268K, committed 64512K, reserved 1103872K
  class space    used 8540K, capacity 9358K, committed 9472K, reserved 1048576K
GC Heap History (10 events):
Event: 9.173 GC heap before
{Heap before GC invocations=9 (full 2):
 PSYoungGen      total 116736K, used 10684K [0x00000000f5580000, 0x0000000100000000, 0x0000000100000000)
  eden space 103936K, 0% used [0x00000000f5580000,0x00000000f5580000,0x00000000fbb00000)
  from space 12800K, 83% used [0x00000000fbb00000,0x00000000fc56f1b0,0x00000000fc780000)
  to   space 13312K, 0% used [0x00000000ff300000,0x00000000ff300000,0x0000000100000000)
 ParOldGen       total 175104K, used 6904K [0x00000000e0000000, 0x00000000eab00000, 0x00000000f5580000)
  object space 175104K, 3% used [0x00000000e0000000,0x00000000e06be0d0,0x00000000eab00000)
 Metaspace       used 34313K, capacity 35352K, committed 35496K, reserved 1079296K
  class space    used 4828K, capacity 5129K, committed 5248K, reserved 1048576K
Event: 9.259 GC heap after
Heap after GC invocations=9 (full 2):
 PSYoungGen      total 116736K, used 0K [0x00000000f5580000, 0x0000000100000000, 0x0000000100000000)
  eden space 103936K, 0% used [0x00000000f5580000,0x00000000f5580000,0x00000000fbb00000)
  from space 12800K, 0% used [0x00000000fbb00000,0x00000000fbb00000,0x00000000fc780000)
  to   space 13312K, 0% used [0x00000000ff300000,0x00000000ff300000,0x0000000100000000)
 ParOldGen       total 175104K, used 16953K [0x00000000e0000000, 0x00000000eab00000, 0x00000000f5580000)
  object space 175104K, 9% used [0x00000000e0000000,0x00000000e108e678,0x00000000eab00000)
 Metaspace       used 34313K, capacity 35352K, committed 35496K, reserved 1079296K
  class space    used 4828K, capacity 5129K, committed 5248K, reserved 1048576K
}
Event: 11.366 GC heap before
{Heap before GC invocations=10 (full 2):
 PSYoungGen      total 116736K, used 103936K [0x00000000f5580000, 0x0000000100000000, 0x0000000100000000)
  eden space 103936K, 100% used [0x00000000f5580000,0x00000000fbb00000,0x00000000fbb00000)
  from space 12800K, 0% used [0x00000000fbb00000,0x00000000fbb00000,0x00000000fc780000)
  to   space 13312K, 0% used [0x00000000ff300000,0x00000000ff300000,0x0000000100000000)
 ParOldGen       total 175104K, used 16953K [0x00000000e0000000, 0x00000000eab00000, 0x00000000f5580000)
  object space 175104K, 9% used [0x00000000e0000000,0x00000000e108e678,0x00000000eab00000)
 Metaspace       used 44104K, capacity 45786K, committed 45952K, reserved 1089536K
  class space    used 6095K, capacity 6518K, committed 6528K, reserved 1048576K
Event: 11.379 GC heap after
Heap after GC invocations=10 (full 2):
 PSYoungGen      total 159232K, used 12250K [0x00000000f5580000, 0x0000000100000000, 0x0000000100000000)
  eden space 145920K, 0% used [0x00000000f5580000,0x00000000f5580000,0x00000000fe400000)
  from space 13312K, 92% used [0x00000000ff300000,0x00000000ffef6ac8,0x0000000100000000)
  to   space 14336K, 0% used [0x00000000fe400000,0x00000000fe400000,0x00000000ff200000)
 ParOldGen       total 175104K, used 16961K [0x00000000e0000000, 0x00000000eab00000, 0x00000000f5580000)
  object space 175104K, 9% used [0x00000000e0000000,0x00000000e1090678,0x00000000eab00000)
 Metaspace       used 44104K, capacity 45786K, committed 45952K, reserved 1089536K
  class space    used 6095K, capacity 6518K, committed 6528K, reserved 1048576K
}
Event: 15.568 GC heap before
{Heap before GC invocations=11 (full 2):
 PSYoungGen      total 159232K, used 158170K [0x00000000f5580000, 0x0000000100000000, 0x0000000100000000)
  eden space 145920K, 100% used [0x00000000f5580000,0x00000000fe400000,0x00000000fe400000)
  from space 13312K, 92% used [0x00000000ff300000,0x00000000ffef6ac8,0x0000000100000000)
  to   space 14336K, 0% used [0x00000000fe400000,0x00000000fe400000,0x00000000ff200000)
 ParOldGen       total 175104K, used 16961K [0x00000000e0000000, 0x00000000eab00000, 0x00000000f5580000)
  object space 175104K, 9% used [0x00000000e0000000,0x00000000e1090678,0x00000000eab00000)
 Metaspace       used 52151K, capacity 54416K, committed 54656K, reserved 1095680K
  class space    used 7234K, capacity 7792K, committed 7808K, reserved 1048576K
Event: 15.592 GC heap after
Heap after GC invocations=11 (full 2):
 PSYoungGen      total 160256K, used 14332K [0x00000000f5580000, 0x0000000100000000, 0x0000000100000000)
  eden space 145920K, 0% used [0x00000000f5580000,0x00000000f5580000,0x00000000fe400000)
  from space 14336K, 99% used [0x00000000fe400000,0x00000000ff1ff280,0x00000000ff200000)
  to   space 14336K, 0% used [0x00000000ff200000,0x00000000ff200000,0x0000000100000000)
 ParOldGen       total 175104K, used 24038K [0x00000000e0000000, 0x00000000eab00000, 0x00000000f5580000)
  object space 175104K, 13% used [0x00000000e0000000,0x00000000e1779bf0,0x00000000eab00000)
 Metaspace       used 52151K, capacity 54416K, committed 54656K, reserved 1095680K
  class space    used 7234K, capacity 7792K, committed 7808K, reserved 1048576K
}
Event: 17.115 GC heap before
{Heap before GC invocations=12 (full 2):
 PSYoungGen      total 160256K, used 90179K [0x00000000f5580000, 0x0000000100000000, 0x0000000100000000)
  eden space 145920K, 51% used [0x00000000f5580000,0x00000000f9f91b98,0x00000000fe400000)
  from space 14336K, 99% used [0x00000000fe400000,0x00000000ff1ff280,0x00000000ff200000)
  to   space 14336K, 0% used [0x00000000ff200000,0x00000000ff200000,0x0000000100000000)
 ParOldGen       total 175104K, used 24038K [0x00000000e0000000, 0x00000000eab00000, 0x00000000f5580000)
  object space 175104K, 13% used [0x00000000e0000000,0x00000000e1779bf0,0x00000000eab00000)
 Metaspace       used 56733K, capacity 59050K, committed 59160K, reserved 1099776K
  class space    used 7908K, capacity 8513K, committed 8576K, reserved 1048576K
Event: 17.147 GC heap after
Heap after GC invocations=12 (full 2):
 PSYoungGen      total 145920K, used 14324K [0x00000000f5580000, 0x0000000100000000, 0x0000000100000000)
  eden space 131584K, 0% used [0x00000000f5580000,0x00000000f5580000,0x00000000fd600000)
  from space 14336K, 99% used [0x00000000ff200000,0x00000000ffffd2f0,0x0000000100000000)
  to   space 21504K, 0% used [0x00000000fd600000,0x00000000fd600000,0x00000000feb00000)
 ParOldGen       total 175104K, used 31259K [0x00000000e0000000, 0x00000000eab00000, 0x00000000f5580000)
  object space 175104K, 17% used [0x00000000e0000000,0x00000000e1e86e48,0x00000000eab00000)
 Metaspace       used 56733K, capacity 59050K, committed 59160K, reserved 1099776K
  class space    used 7908K, capacity 8513K, committed 8576K, reserved 1048576K
}
Event: 17.147 GC heap before
{Heap before GC invocations=13 (full 3):
 PSYoungGen      total 145920K, used 14324K [0x00000000f5580000, 0x0000000100000000, 0x0000000100000000)
  eden space 131584K, 0% used [0x00000000f5580000,0x00000000f5580000,0x00000000fd600000)
  from space 14336K, 99% used [0x00000000ff200000,0x00000000ffffd2f0,0x0000000100000000)
  to   space 21504K, 0% used [0x00000000fd600000,0x00000000fd600000,0x00000000feb00000)
 ParOldGen       total 175104K, used 31259K [0x00000000e0000000, 0x00000000eab00000, 0x00000000f5580000)
  object space 175104K, 17% used [0x00000000e0000000,0x00000000e1e86e48,0x00000000eab00000)
 Metaspace       used 56733K, capacity 59050K, committed 59160K, reserved 1099776K
  class space    used 7908K, capacity 8513K, committed 8576K, reserved 1048576K
Event: 17.497 GC heap after
Heap after GC invocations=13 (full 3):
 PSYoungGen      total 145920K, used 0K [0x00000000f5580000, 0x0000000100000000, 0x0000000100000000)
  eden space 131584K, 0% used [0x00000000f5580000,0x00000000f5580000,0x00000000fd600000)
  from space 14336K, 0% used [0x00000000ff200000,0x00000000ff200000,0x0000000100000000)
  to   space 21504K, 0% used [0x00000000fd600000,0x00000000fd600000,0x00000000feb00000)
 ParOldGen       total 207360K, used 36674K [0x00000000e0000000, 0x00000000eca80000, 0x00000000f5580000)
  object space 207360K, 17% used [0x00000000e0000000,0x00000000e23d0938,0x00000000eca80000)
 Metaspace       used 56731K, capacity 59044K, committed 59160K, reserved 1099776K
  class space    used 7908K, capacity 8512K, committed 8576K, reserved 1048576K
}

