# JRE version: Java(TM) SE Runtime Environment (8.0_261-b12) (build 1.8.0_261-b12)
# Java VM: Java HotSpot(TM) 64-Bit Server VM (25.261-b12 mixed mode windows-amd64 compressed oops)
Heap:
 PSYoungGen      total 143360K, used 44658K [0x00000000f5580000, 0x0000000100000000, 0x0000000100000000)
  eden space 113152K, 37% used [0x00000000f5580000,0x00000000f7e8ca80,0x00000000fc400000)
  from space 30208K, 8% used [0x00000000fe280000,0x00000000fe510000,0x0000000100000000)
  to   space 30720K, 0% used [0x00000000fc400000,0x00000000fc400000,0x00000000fe200000)
 ParOldGen       total 278016K, used 139721K [0x00000000e0000000, 0x00000000f0f80000, 0x00000000f5580000)
  object space 278016K, 50% used [0x00000000e0000000,0x00000000e88725f0,0x00000000f0f80000)
 Metaspace       used 85642K, capacity 91858K, committed 92288K, reserved 1128448K
  class space    used 11511K, capacity 12859K, committed 12928K, reserved 1048576K
GC Heap History (10 events):
Event: 912.724 GC heap before
{Heap before GC invocations=24 (full 4):
 PSYoungGen      total 144384K, used 2816K [0x00000000f5580000, 0x0000000100000000, 0x0000000100000000)
  eden space 115200K, 0% used [0x00000000f5580000,0x00000000f5580000,0x00000000fc600000)
  from space 29184K, 9% used [0x00000000fe380000,0x00000000fe640000,0x0000000100000000)
  to   space 29696K, 0% used [0x00000000fc600000,0x00000000fc600000,0x00000000fe300000)
 ParOldGen       total 175104K, used 155877K [0x00000000e0000000, 0x00000000eab00000, 0x00000000f5580000)
  object space 175104K, 89% used [0x00000000e0000000,0x00000000e9839668,0x00000000eab00000)
 Metaspace       used 85196K, capacity 91594K, committed 91776K, reserved 1128448K
  class space    used 11531K, capacity 12884K, committed 12928K, reserved 1048576K
Event: 913.319 GC heap after
Heap after GC invocations=24 (full 4):
 PSYoungGen      total 144384K, used 0K [0x00000000f5580000, 0x0000000100000000, 0x0000000100000000)
  eden space 115200K, 0% used [0x00000000f5580000,0x00000000f5580000,0x00000000fc600000)
  from space 29184K, 0% used [0x00000000fe380000,0x00000000fe380000,0x0000000100000000)
  to   space 29696K, 0% used [0x00000000fc600000,0x00000000fc600000,0x00000000fe300000)
 ParOldGen       total 278016K, used 97602K [0x00000000e0000000, 0x00000000f0f80000, 0x00000000f5580000)
  object space 278016K, 35% used [0x00000000e0000000,0x00000000e5f50ac8,0x00000000f0f80000)
 Metaspace       used 84919K, capacity 91028K, committed 91776K, reserved 1128448K
  class space    used 11466K, capacity 12767K, committed 12928K, reserved 1048576K
}
Event: 7314.044 GC heap before
{Heap before GC invocations=25 (full 4):
 PSYoungGen      total 144384K, used 115200K [0x00000000f5580000, 0x0000000100000000, 0x0000000100000000)
  eden space 115200K, 100% used [0x00000000f5580000,0x00000000fc600000,0x00000000fc600000)
  from space 29184K, 0% used [0x00000000fe380000,0x00000000fe380000,0x0000000100000000)
  to   space 29696K, 0% used [0x00000000fc600000,0x00000000fc600000,0x00000000fe300000)
 ParOldGen       total 278016K, used 97602K [0x00000000e0000000, 0x00000000f0f80000, 0x00000000f5580000)
  object space 278016K, 35% used [0x00000000e0000000,0x00000000e5f50ac8,0x00000000f0f80000)
 Metaspace       used 85234K, capacity 91494K, committed 92032K, reserved 1128448K
  class space    used 11501K, capacity 12843K, committed 12928K, reserved 1048576K
Event: 7314.410 GC heap after
Heap after GC invocations=25 (full 4):
 PSYoungGen      total 144896K, used 6573K [0x00000000f5580000, 0x00000000fff80000, 0x0000000100000000)
  eden space 115200K, 0% used [0x00000000f5580000,0x00000000f5580000,0x00000000fc600000)
  from space 29696K, 22% used [0x00000000fc600000,0x00000000fcc6b7a8,0x00000000fe300000)
  to   space 29184K, 0% used [0x00000000fe300000,0x00000000fe300000,0x00000000fff80000)
 ParOldGen       total 278016K, used 97602K [0x00000000e0000000, 0x00000000f0f80000, 0x00000000f5580000)
  object space 278016K, 35% used [0x00000000e0000000,0x00000000e5f50ac8,0x00000000f0f80000)
 Metaspace       used 85234K, capacity 91494K, committed 92032K, reserved 1128448K
  class space    used 11501K, capacity 12843K, committed 12928K, reserved 1048576K
}
Event: 7315.669 GC heap before
{Heap before GC invocations=26 (full 4):
 PSYoungGen      total 144896K, used 121773K [0x00000000f5580000, 0x00000000fff80000, 0x0000000100000000)
  eden space 115200K, 100% used [0x00000000f5580000,0x00000000fc600000,0x00000000fc600000)
  from space 29696K, 22% used [0x00000000fc600000,0x00000000fcc6b7a8,0x00000000fe300000)
  to   space 29184K, 0% used [0x00000000fe300000,0x00000000fe300000,0x00000000fff80000)
 ParOldGen       total 278016K, used 97602K [0x00000000e0000000, 0x00000000f0f80000, 0x00000000f5580000)
  object space 278016K, 35% used [0x00000000e0000000,0x00000000e5f50ac8,0x00000000f0f80000)
 Metaspace       used 85464K, capacity 91728K, committed 92032K, reserved 1128448K
  class space    used 11504K, capacity 12848K, committed 12928K, reserved 1048576K
Event: 7315.843 GC heap after
Heap after GC invocations=26 (full 4):
 PSYoungGen      total 141312K, used 22384K [0x00000000f5580000, 0x0000000100000000, 0x0000000100000000)
  eden space 112128K, 0% used [0x00000000f5580000,0x00000000f5580000,0x00000000fc300000)
  from space 29184K, 76% used [0x00000000fe300000,0x00000000ff8dc010,0x00000000fff80000)
  to   space 31232K, 0% used [0x00000000fc300000,0x00000000fc300000,0x00000000fe180000)
 ParOldGen       total 278016K, used 103569K [0x00000000e0000000, 0x00000000f0f80000, 0x00000000f5580000)
  object space 278016K, 37% used [0x00000000e0000000,0x00000000e6524418,0x00000000f0f80000)
 Metaspace       used 85464K, capacity 91728K, committed 92032K, reserved 1128448K
  class space    used 11504K, capacity 12848K, committed 12928K, reserved 1048576K
}
Event: 7317.166 GC heap before
{Heap before GC invocations=27 (full 4):
 PSYoungGen      total 141312K, used 134512K [0x00000000f5580000, 0x0000000100000000, 0x0000000100000000)
  eden space 112128K, 100% used [0x00000000f5580000,0x00000000fc300000,0x00000000fc300000)
  from space 29184K, 76% used [0x00000000fe300000,0x00000000ff8dc010,0x00000000fff80000)
  to   space 31232K, 0% used [0x00000000fc300000,0x00000000fc300000,0x00000000fe180000)
 ParOldGen       total 278016K, used 103569K [0x00000000e0000000, 0x00000000f0f80000, 0x00000000f5580000)
  object space 278016K, 37% used [0x00000000e0000000,0x00000000e6524418,0x00000000f0f80000)
 Metaspace       used 85537K, capacity 91800K, committed 92288K, reserved 1128448K
  class space    used 11505K, capacity 12850K, committed 12928K, reserved 1048576K
Event: 7317.263 GC heap after
Heap after GC invocations=27 (full 4):
 PSYoungGen      total 143360K, used 16208K [0x00000000f5580000, 0x0000000100000000, 0x0000000100000000)
  eden space 112128K, 0% used [0x00000000f5580000,0x00000000f5580000,0x00000000fc300000)
  from space 31232K, 51% used [0x00000000fc300000,0x00000000fd2d4050,0x00000000fe180000)
  to   space 30208K, 0% used [0x00000000fe280000,0x00000000fe280000,0x0000000100000000)
 ParOldGen       total 278016K, used 124641K [0x00000000e0000000, 0x00000000f0f80000, 0x00000000f5580000)
  object space 278016K, 44% used [0x00000000e0000000,0x00000000e79b85b8,0x00000000f0f80000)
 Metaspace       used 85537K, capacity 91800K, committed 92288K, reserved 1128448K
  class space    used 11505K, capacity 12850K, committed 12928K, reserved 1048576K
}
Event: 7318.535 GC heap before
{Heap before GC invocations=28 (full 4):
 PSYoungGen      total 143360K, used 128336K [0x00000000f5580000, 0x0000000100000000, 0x0000000100000000)
  eden space 112128K, 100% used [0x00000000f5580000,0x00000000fc300000,0x00000000fc300000)
  from space 31232K, 51% used [0x00000000fc300000,0x00000000fd2d4050,0x00000000fe180000)
  to   space 30208K, 0% used [0x00000000fe280000,0x00000000fe280000,0x0000000100000000)
 ParOldGen       total 278016K, used 124641K [0x00000000e0000000, 0x00000000f0f80000, 0x00000000f5580000)
  object space 278016K, 44% used [0x00000000e0000000,0x00000000e79b85b8,0x00000000f0f80000)
 Metaspace       used 85568K, capacity 91804K, committed 92288K, reserved 1128448K
  class space    used 11506K, capacity 12850K, committed 12928K, reserved 1048576K
Event: 7318.612 GC heap after
Heap after GC invocations=28 (full 4):
 PSYoungGen      total 143360K, used 2624K [0x00000000f5580000, 0x0000000100000000, 0x0000000100000000)
  eden space 113152K, 0% used [0x00000000f5580000,0x00000000f5580000,0x00000000fc400000)
  from space 30208K, 8% used [0x00000000fe280000,0x00000000fe510000,0x0000000100000000)
  to   space 30720K, 0% used [0x00000000fc400000,0x00000000fc400000,0x00000000fe200000)
 ParOldGen       total 278016K, used 139721K [0x00000000e0000000, 0x00000000f0f80000, 0x00000000f5580000)
  object space 278016K, 50% used [0x00000000e0000000,0x00000000e88725f0,0x00000000f0f80000)
 Metaspace       used 85568K, capacity 91804K, committed 92288K, reserved 1128448K
  class space    used 11506K, capacity 12850K, committed 12928K, reserved 1048576K
}

